0 silly argv { _: [ 'version' ],
0 silly argv   lernaVersion: '3.7.1',
0 silly argv   '$0':
0 silly argv    'C:\\Users\\DanielNetzer\\AppData\\Roaming\\npm\\node_modules\\lerna\\cli.js' }
1 notice cli v3.7.1
2 verbose rootPath D:\Projects\Open Sourced\ngx-diagrams
3 info versioning independent
4 silly isAnythingCommitted
5 verbose isAnythingCommitted 1
6 silly currentBranch
7 verbose currentBranch master
8 silly remoteBranchExists
9 silly isBehindUpstream
10 silly isBehindUpstream master is behind origin/master by 0 commit(s) and ahead by 1
11 silly hasTags
12 verbose hasTags false
13 info Looking for changed packages since initial commit.
14 verbose updated ngx-diagrams
15 verbose git-describe undefined => "27683cb"
16 silly git-describe parsed => {"refCount":"3","sha":"27683cb","isDirty":false}
17 silly independent for ngx-diagrams at D:\Projects\Open Sourced\ngx-diagrams\projects\ngx-diagrams
18 verbose independent increment 0.0.1 by patch
19 silly batched [ PackageGraphNode {
19 silly batched     name: 'ngx-diagrams',
19 silly batched     externalDependencies: Map {},
19 silly batched     localDependencies: Map {},
19 silly batched     localDependents: Map {} } ]
20 silly run-lifecycle No script for "preversion" in "ngx-diagrams-workspace", continuing
21 silly run-lifecycle No script for "preversion" in "ngx-diagrams", continuing
22 silly run-lifecycle No script for "version" in "ngx-diagrams", continuing
23 silly independent for ngx-diagrams at D:\Projects\Open Sourced\ngx-diagrams\projects\ngx-diagrams
24 silly independent writing new entry: "## 0.0.2 (2019-04-28)\n\n**Note:** Version bump only for package ngx-diagrams\n\n\n\n"
25 verbose independent wrote D:\Projects\Open Sourced\ngx-diagrams\projects\ngx-diagrams\CHANGELOG.md
26 silly run-lifecycle No script for "version" in "ngx-diagrams-workspace", continuing
27 silly gitAdd [ 'D:\\Projects\\Open Sourced\\ngx-diagrams\\projects\\ngx-diagrams\\package.json',
27 silly gitAdd   'D:\\Projects\\Open Sourced\\ngx-diagrams\\projects\\ngx-diagrams\\CHANGELOG.md' ]
28 silly gitCommit Publish
28 silly gitCommit
28 silly gitCommit  - ngx-diagrams@0.0.2
29 verbose git [ 'commit',
29 verbose git   '-F',
29 verbose git   'C:\\Users\\DANIEL~1\\AppData\\Local\\Temp\\d38bb793-d18c-4772-b295-c5519a5eadc2\\lerna-commit.txt' ]
30 silly gitTag ngx-diagrams@0.0.2
31 verbose git [ 'tag', 'ngx-diagrams@0.0.2', '-m', 'ngx-diagrams@0.0.2' ]
32 silly run-lifecycle No script for "postversion" in "ngx-diagrams", continuing
33 silly run-lifecycle No script for "postversion" in "ngx-diagrams-workspace", continuing
34 info git Pushing tags...
35 silly gitPush origin master
36 error Error: Command failed: git push --follow-tags --no-verify origin master
36 error remote: Permission to DanielNetzer/ngx-diagrams.git denied to DanielNetzeriAm.
36 error fatal: unable to access 'https://github.com/DanielNetzer/ngx-diagrams.git/': The requested URL returned error: 403
36 error
36 error     at makeError (C:\Users\DanielNetzer\AppData\Roaming\npm\node_modules\lerna\node_modules\execa\index.js:174:9)
36 error     at Promise.all.then.arr (C:\Users\DanielNetzer\AppData\Roaming\npm\node_modules\lerna\node_modules\execa\index.js:278:16)
